<?xml version="1.0" encoding="UTF-8"?>
<!-- Generated by org.testng.reporters.JUnitXMLReporter -->
<testsuite ignored="0" hostname="LENOVO" failures="0" tests="7" name="Default test" time="97.469" errors="0" timestamp="2023-08-15T22:38:16 IST">
  <testcase classname="test.HomeTest" name="Hometest" time="6.077"/>
  <testcase classname="test.LoginTest" name="logintest" time="12.296"/>
  <testcase classname="test.HamburgerSelectionTest" name="hamselection" time="12.343"/>
  <testcase classname="test.MenubarTest" name="menuselection" time="24.721"/>
  <testcase classname="test.ShoppingTest" name="shopping" time="9.213"/>
  <testcase classname="test.WishlistTest" name="wishtest" time="6.084"/>
  <testcase classname="test.LogoutTest" name="Signouttest" time="9.247"/>
</testsuite> <!-- Default test -->
