<?xml version="1.0" encoding="UTF-8"?>
<!-- Generated by org.testng.reporters.JUnitXMLReporter -->
<testsuite ignored="0" hostname="LENOVO" failures="0" tests="7" name="Test" time="85.632" errors="0" timestamp="2023-08-16T10:52:02 IST">
  <testcase classname="test.HomeTest" name="Hometest" time="6.08"/>
  <testcase classname="test.LoginTest" name="logintest" time="12.269"/>
  <testcase classname="test.HamburgerSelectionTest" name="hamselection" time="12.34"/>
  <testcase classname="test.MenubarTest" name="menuselection" time="24.693"/>
  <testcase classname="test.ShoppingTest" name="shopping" time="9.215"/>
  <testcase classname="test.WishlistTest" name="wishtest" time="6.072"/>
  <testcase classname="test.LogoutTest" name="Signouttest" time="9.24"/>
</testsuite> <!-- Test -->
